<?xml version="1.0" encoding="UTF-8"?>
<!-- Generated by org.testng.reporters.JUnitReportReporter -->
<testsuite skipped="0" hostname="WHQL308906LN" name="TestNGPackage.TestNGClass2" tests="2" failures="0" timestamp="23 Apr 2018 19:01:56 GMT" time="0.051" errors="0">
  <testcase name="Class1SecondFunc" time="0.012" classname="TestNGPackage.TestNGClass2"/>
  <testcase name="Class1FirstFunc" time="0.039" classname="TestNGPackage.TestNGClass2"/>
</testsuite> <!-- TestNGPackage.TestNGClass2 -->
