<?xml version="1.0" encoding="UTF-8"?>
<!-- Generated by org.testng.reporters.JUnitReportReporter -->
<testsuite skipped="0" hostname="WHQL308906LN" name="TestNGPackage.TestNGClass1" tests="1" failures="0" timestamp="23 Apr 2018 18:49:35 GMT" time="0.034" errors="0">
  <testcase name="FirstFunc" time="0.034" classname="TestNGPackage.TestNGClass1"/>
</testsuite> <!-- TestNGPackage.TestNGClass1 -->
