<?xml version="1.0" encoding="UTF-8"?>
<!-- Generated by org.testng.reporters.JUnitReportReporter -->
<testsuite skipped="0" hostname="WHQL308906LN" name="TestNGPackage.EnterpriseLoan" tests="2" failures="0" timestamp="23 Apr 2018 19:11:22 GMT" time="0.033" errors="0">
  <testcase name="RentalTruck" time="0.005" classname="TestNGPackage.EnterpriseLoan"/>
  <testcase name="RentalCar" time="0.028" classname="TestNGPackage.EnterpriseLoan"/>
</testsuite> <!-- TestNGPackage.EnterpriseLoan -->
