<?xml version="1.0" encoding="UTF-8"?>
<!-- Generated by org.testng.reporters.JUnitReportReporter -->
<testsuite skipped="0" hostname="WHQL308906LN" name="TestNGPackage.BusinessLoan" tests="2" failures="0" timestamp="10 May 2018 13:36:35 GMT" time="0.087" errors="0">
  <testcase name="officeLoan" time="0.018" classname="TestNGPackage.BusinessLoan"/>
  <testcase name="ComputerLoan" time="0.069" classname="TestNGPackage.BusinessLoan"/>
</testsuite> <!-- TestNGPackage.BusinessLoan -->
