<?xml version="1.0" encoding="UTF-8"?>
<!-- Generated by org.testng.reporters.JUnitReportReporter -->
<testsuite skipped="0" hostname="WHQL308906LN" name="TestNGPackage.PersonalLoan" tests="2" failures="0" timestamp="23 Apr 2018 19:11:22 GMT" time="0.010" errors="0">
  <testcase name="HouseLoan" time="0.006" classname="TestNGPackage.PersonalLoan"/>
  <testcase name="Carloan" time="0.004" classname="TestNGPackage.PersonalLoan"/>
</testsuite> <!-- TestNGPackage.PersonalLoan -->
