<?xml version="1.0" encoding="UTF-8"?>
<!-- Generated by org.testng.reporters.JUnitReportReporter -->
<testsuite skipped="0" hostname="WHQL308906LN" name="TestNGPackage.Class1TestNGClass1" tests="2" failures="0" timestamp="23 Apr 2018 18:53:51 GMT" time="0.048" errors="0">
  <testcase name="Class1SecondFunc" time="0.013" classname="TestNGPackage.Class1TestNGClass1"/>
  <testcase name="Class1FirstFunc" time="0.035" classname="TestNGPackage.Class1TestNGClass1"/>
</testsuite> <!-- TestNGPackage.Class1TestNGClass1 -->
