<?xml version="1.0" encoding="UTF-8"?>
<!-- Generated by org.testng.reporters.JUnitReportReporter -->
<testsuite skipped="0" hostname="WHQL308906LN" name="test.day1" tests="2" failures="0" timestamp="23 Apr 2018 16:07:50 GMT" time="0.080" errors="0">
  <testcase name="SecondDemo" time="0.024" classname="test.day1"/>
  <testcase name="Demo" time="0.056" classname="test.day1"/>
</testsuite> <!-- test.day1 -->
