<?xml version="1.0" encoding="UTF-8"?>
<!-- Generated by org.testng.reporters.JUnitReportReporter -->
<testsuite skipped="0" hostname="WHQL308906LN" name="test.day2Test" tests="1" failures="0" timestamp="23 Apr 2018 16:07:50 GMT" time="0.009" errors="0">
  <testcase name="Demo3" time="0.009" classname="test.day2Test"/>
</testsuite> <!-- test.day2Test -->
