<?xml version="1.0" encoding="UTF-8"?>
<!-- Generated by org.testng.reporters.JUnitReportReporter -->
<testsuite skipped="0" hostname="WHQL308906LN" name="test.Day3" tests="1" failures="0" timestamp="22 Mar 2018 18:19:41 GMT" time="0.033" errors="0">
  <testcase name="Demo3" time="0.033" classname="test.Day3"/>
</testsuite> <!-- test.Day3 -->
